CRITICAL - 2023-05-18 09:13:51 --> Undefined variable $error
in APPPATH/Views/login.php on line 23.
 1 APPPATH/Views/login.php(23): CodeIgniter\Debug\Exceptions->errorHandler()
 2 SYSTEMPATH/View/View.php(213): include('APPPATH/Views/login.php')
 3 SYSTEMPATH/View/View.php(216): CodeIgniter\View\View->CodeIgniter\View\{closure}()
 4 SYSTEMPATH/Common.php(1184): CodeIgniter\View\View->render()
 5 APPPATH/Controllers/Course.php(83): view()
 6 SYSTEMPATH/CodeIgniter.php(934): App\Controllers\Course->processCreatePostForm()
 7 SYSTEMPATH/CodeIgniter.php(499): CodeIgniter\CodeIgniter->runController()
 8 SYSTEMPATH/CodeIgniter.php(368): CodeIgniter\CodeIgniter->handleRequest()
 9 FCPATH/index.php(67): CodeIgniter\CodeIgniter->run()
ERROR - 2023-05-18 10:03:52 --> mysqli_sql_exception: Unknown column 'postID' in 'field list' in /var/www/htdocs/demo/system/Database/MySQLi/Connection.php:295
Stack trace:
#0 /var/www/htdocs/demo/system/Database/MySQLi/Connection.php(295): mysqli->query()
#1 /var/www/htdocs/demo/system/Database/BaseConnection.php(691): CodeIgniter\Database\MySQLi\Connection->execute()
#2 /var/www/htdocs/demo/system/Database/BaseConnection.php(605): CodeIgniter\Database\BaseConnection->simpleQuery()
#3 /var/www/htdocs/demo/system/Database/BaseBuilder.php(2309): CodeIgniter\Database\BaseConnection->query()
#4 /var/www/htdocs/demo/app/Models/UserFavourites_model.php(28): CodeIgniter\Database\BaseBuilder->insert()
#5 /var/www/htdocs/demo/app/Controllers/Users.php(287): App\Models\UserFavourites_model->addToFavourites()
#6 /var/www/htdocs/demo/system/CodeIgniter.php(934): App\Controllers\Users->addToFavourites()
#7 /var/www/htdocs/demo/system/CodeIgniter.php(499): CodeIgniter\CodeIgniter->runController()
#8 /var/www/htdocs/demo/system/CodeIgniter.php(368): CodeIgniter\CodeIgniter->handleRequest()
#9 /var/www/htdocs/demo/public/index.php(67): CodeIgniter\CodeIgniter->run()
#10 {main}
CRITICAL - 2023-05-18 10:03:52 --> Unknown column 'postID' in 'field list'
in SYSTEMPATH/Database/BaseConnection.php on line 645.
 1 SYSTEMPATH/Database/BaseBuilder.php(2309): CodeIgniter\Database\BaseConnection->query()
 2 APPPATH/Models/UserFavourites_model.php(28): CodeIgniter\Database\BaseBuilder->insert()
 3 APPPATH/Controllers/Users.php(287): App\Models\UserFavourites_model->addToFavourites()
 4 SYSTEMPATH/CodeIgniter.php(934): App\Controllers\Users->addToFavourites()
 5 SYSTEMPATH/CodeIgniter.php(499): CodeIgniter\CodeIgniter->runController()
 6 SYSTEMPATH/CodeIgniter.php(368): CodeIgniter\CodeIgniter->handleRequest()
 7 FCPATH/index.php(67): CodeIgniter\CodeIgniter->run()
ERROR - 2023-05-18 10:04:52 --> mysqli_sql_exception: Unknown column 'postID' in 'field list' in /var/www/htdocs/demo/system/Database/MySQLi/Connection.php:295
Stack trace:
#0 /var/www/htdocs/demo/system/Database/MySQLi/Connection.php(295): mysqli->query()
#1 /var/www/htdocs/demo/system/Database/BaseConnection.php(691): CodeIgniter\Database\MySQLi\Connection->execute()
#2 /var/www/htdocs/demo/system/Database/BaseConnection.php(605): CodeIgniter\Database\BaseConnection->simpleQuery()
#3 /var/www/htdocs/demo/system/Database/BaseBuilder.php(2309): CodeIgniter\Database\BaseConnection->query()
#4 /var/www/htdocs/demo/app/Models/UserFavourites_model.php(28): CodeIgniter\Database\BaseBuilder->insert()
#5 /var/www/htdocs/demo/app/Controllers/Users.php(287): App\Models\UserFavourites_model->addToFavourites()
#6 /var/www/htdocs/demo/system/CodeIgniter.php(934): App\Controllers\Users->addToFavourites()
#7 /var/www/htdocs/demo/system/CodeIgniter.php(499): CodeIgniter\CodeIgniter->runController()
#8 /var/www/htdocs/demo/system/CodeIgniter.php(368): CodeIgniter\CodeIgniter->handleRequest()
#9 /var/www/htdocs/demo/public/index.php(67): CodeIgniter\CodeIgniter->run()
#10 {main}
CRITICAL - 2023-05-18 10:04:52 --> Unknown column 'postID' in 'field list'
in SYSTEMPATH/Database/BaseConnection.php on line 645.
 1 SYSTEMPATH/Database/BaseBuilder.php(2309): CodeIgniter\Database\BaseConnection->query()
 2 APPPATH/Models/UserFavourites_model.php(28): CodeIgniter\Database\BaseBuilder->insert()
 3 APPPATH/Controllers/Users.php(287): App\Models\UserFavourites_model->addToFavourites()
 4 SYSTEMPATH/CodeIgniter.php(934): App\Controllers\Users->addToFavourites()
 5 SYSTEMPATH/CodeIgniter.php(499): CodeIgniter\CodeIgniter->runController()
 6 SYSTEMPATH/CodeIgniter.php(368): CodeIgniter\CodeIgniter->handleRequest()
 7 FCPATH/index.php(67): CodeIgniter\CodeIgniter->run()
ERROR - 2023-05-18 10:17:42 --> mysqli_sql_exception: Duplicate entry '40-1' for key 'userFavourites.PRIMARY' in /var/www/htdocs/demo/system/Database/MySQLi/Connection.php:295
Stack trace:
#0 /var/www/htdocs/demo/system/Database/MySQLi/Connection.php(295): mysqli->query()
#1 /var/www/htdocs/demo/system/Database/BaseConnection.php(691): CodeIgniter\Database\MySQLi\Connection->execute()
#2 /var/www/htdocs/demo/system/Database/BaseConnection.php(605): CodeIgniter\Database\BaseConnection->simpleQuery()
#3 /var/www/htdocs/demo/system/Database/BaseBuilder.php(2309): CodeIgniter\Database\BaseConnection->query()
#4 /var/www/htdocs/demo/app/Models/UserFavourites_model.php(28): CodeIgniter\Database\BaseBuilder->insert()
#5 /var/www/htdocs/demo/app/Controllers/Users.php(287): App\Models\UserFavourites_model->addToFavourites()
#6 /var/www/htdocs/demo/system/CodeIgniter.php(934): App\Controllers\Users->addToFavourites()
#7 /var/www/htdocs/demo/system/CodeIgniter.php(499): CodeIgniter\CodeIgniter->runController()
#8 /var/www/htdocs/demo/system/CodeIgniter.php(368): CodeIgniter\CodeIgniter->handleRequest()
#9 /var/www/htdocs/demo/public/index.php(67): CodeIgniter\CodeIgniter->run()
#10 {main}
CRITICAL - 2023-05-18 10:17:42 --> Duplicate entry '40-1' for key 'userFavourites.PRIMARY'
in SYSTEMPATH/Database/BaseConnection.php on line 645.
 1 SYSTEMPATH/Database/BaseBuilder.php(2309): CodeIgniter\Database\BaseConnection->query()
 2 APPPATH/Models/UserFavourites_model.php(28): CodeIgniter\Database\BaseBuilder->insert()
 3 APPPATH/Controllers/Users.php(287): App\Models\UserFavourites_model->addToFavourites()
 4 SYSTEMPATH/CodeIgniter.php(934): App\Controllers\Users->addToFavourites()
 5 SYSTEMPATH/CodeIgniter.php(499): CodeIgniter\CodeIgniter->runController()
 6 SYSTEMPATH/CodeIgniter.php(368): CodeIgniter\CodeIgniter->handleRequest()
 7 FCPATH/index.php(67): CodeIgniter\CodeIgniter->run()
ERROR - 2023-05-18 10:58:09 --> mysqli_sql_exception: Table 'demo.enrolments' doesn't exist in /var/www/htdocs/demo/system/Database/MySQLi/Connection.php:295
Stack trace:
#0 /var/www/htdocs/demo/system/Database/MySQLi/Connection.php(295): mysqli->query()
#1 /var/www/htdocs/demo/system/Database/BaseConnection.php(691): CodeIgniter\Database\MySQLi\Connection->execute()
#2 /var/www/htdocs/demo/system/Database/BaseConnection.php(605): CodeIgniter\Database\BaseConnection->simpleQuery()
#3 /var/www/htdocs/demo/system/Database/BaseBuilder.php(1616): CodeIgniter\Database\BaseConnection->query()
#4 /var/www/htdocs/demo/app/Models/User_model.php(139): CodeIgniter\Database\BaseBuilder->get()
#5 /var/www/htdocs/demo/app/Controllers/Course.php(144): App\Models\User_model->getAllEmailsForCourse()
#6 /var/www/htdocs/demo/app/Controllers/Course.php(120): App\Controllers\Course->notify_users_of_new_post()
#7 /var/www/htdocs/demo/system/CodeIgniter.php(934): App\Controllers\Course->processCreatePostForm()
#8 /var/www/htdocs/demo/system/CodeIgniter.php(499): CodeIgniter\CodeIgniter->runController()
#9 /var/www/htdocs/demo/system/CodeIgniter.php(368): CodeIgniter\CodeIgniter->handleRequest()
#10 /var/www/htdocs/demo/public/index.php(67): CodeIgniter\CodeIgniter->run()
#11 {main}
CRITICAL - 2023-05-18 10:58:09 --> Table 'demo.enrolments' doesn't exist
in SYSTEMPATH/Database/BaseConnection.php on line 645.
 1 SYSTEMPATH/Database/BaseBuilder.php(1616): CodeIgniter\Database\BaseConnection->query()
 2 APPPATH/Models/User_model.php(139): CodeIgniter\Database\BaseBuilder->get()
 3 APPPATH/Controllers/Course.php(144): App\Models\User_model->getAllEmailsForCourse()
 4 APPPATH/Controllers/Course.php(120): App\Controllers\Course->notify_users_of_new_post()
 5 SYSTEMPATH/CodeIgniter.php(934): App\Controllers\Course->processCreatePostForm()
 6 SYSTEMPATH/CodeIgniter.php(499): CodeIgniter\CodeIgniter->runController()
 7 SYSTEMPATH/CodeIgniter.php(368): CodeIgniter\CodeIgniter->handleRequest()
 8 FCPATH/index.php(67): CodeIgniter\CodeIgniter->run()
ERROR - 2023-05-18 11:02:51 --> mysqli_sql_exception: Table 'demo.enrolments' doesn't exist in /var/www/htdocs/demo/system/Database/MySQLi/Connection.php:295
Stack trace:
#0 /var/www/htdocs/demo/system/Database/MySQLi/Connection.php(295): mysqli->query()
#1 /var/www/htdocs/demo/system/Database/BaseConnection.php(691): CodeIgniter\Database\MySQLi\Connection->execute()
#2 /var/www/htdocs/demo/system/Database/BaseConnection.php(605): CodeIgniter\Database\BaseConnection->simpleQuery()
#3 /var/www/htdocs/demo/system/Database/BaseBuilder.php(1616): CodeIgniter\Database\BaseConnection->query()
#4 /var/www/htdocs/demo/app/Models/User_model.php(139): CodeIgniter\Database\BaseBuilder->get()
#5 /var/www/htdocs/demo/app/Controllers/Course.php(143): App\Models\User_model->getAllEmailsForCourse()
#6 /var/www/htdocs/demo/app/Controllers/Course.php(119): App\Controllers\Course->notify_users_of_new_post()
#7 /var/www/htdocs/demo/system/CodeIgniter.php(934): App\Controllers\Course->processCreatePostForm()
#8 /var/www/htdocs/demo/system/CodeIgniter.php(499): CodeIgniter\CodeIgniter->runController()
#9 /var/www/htdocs/demo/system/CodeIgniter.php(368): CodeIgniter\CodeIgniter->handleRequest()
#10 /var/www/htdocs/demo/public/index.php(67): CodeIgniter\CodeIgniter->run()
#11 {main}
CRITICAL - 2023-05-18 11:02:51 --> Table 'demo.enrolments' doesn't exist
in SYSTEMPATH/Database/BaseConnection.php on line 645.
 1 SYSTEMPATH/Database/BaseBuilder.php(1616): CodeIgniter\Database\BaseConnection->query()
 2 APPPATH/Models/User_model.php(139): CodeIgniter\Database\BaseBuilder->get()
 3 APPPATH/Controllers/Course.php(143): App\Models\User_model->getAllEmailsForCourse()
 4 APPPATH/Controllers/Course.php(119): App\Controllers\Course->notify_users_of_new_post()
 5 SYSTEMPATH/CodeIgniter.php(934): App\Controllers\Course->processCreatePostForm()
 6 SYSTEMPATH/CodeIgniter.php(499): CodeIgniter\CodeIgniter->runController()
 7 SYSTEMPATH/CodeIgniter.php(368): CodeIgniter\CodeIgniter->handleRequest()
 8 FCPATH/index.php(67): CodeIgniter\CodeIgniter->run()
ERROR - 2023-05-18 11:03:45 --> mysqli_sql_exception: Table 'demo.enrolments' doesn't exist in /var/www/htdocs/demo/system/Database/MySQLi/Connection.php:295
Stack trace:
#0 /var/www/htdocs/demo/system/Database/MySQLi/Connection.php(295): mysqli->query()
#1 /var/www/htdocs/demo/system/Database/BaseConnection.php(691): CodeIgniter\Database\MySQLi\Connection->execute()
#2 /var/www/htdocs/demo/system/Database/BaseConnection.php(605): CodeIgniter\Database\BaseConnection->simpleQuery()
#3 /var/www/htdocs/demo/system/Database/BaseBuilder.php(1616): CodeIgniter\Database\BaseConnection->query()
#4 /var/www/htdocs/demo/app/Models/User_model.php(139): CodeIgniter\Database\BaseBuilder->get()
#5 /var/www/htdocs/demo/app/Controllers/Course.php(143): App\Models\User_model->getAllEmailsForCourse()
#6 /var/www/htdocs/demo/app/Controllers/Course.php(119): App\Controllers\Course->notify_users_of_new_post()
#7 /var/www/htdocs/demo/system/CodeIgniter.php(934): App\Controllers\Course->processCreatePostForm()
#8 /var/www/htdocs/demo/system/CodeIgniter.php(499): CodeIgniter\CodeIgniter->runController()
#9 /var/www/htdocs/demo/system/CodeIgniter.php(368): CodeIgniter\CodeIgniter->handleRequest()
#10 /var/www/htdocs/demo/public/index.php(67): CodeIgniter\CodeIgniter->run()
#11 {main}
CRITICAL - 2023-05-18 11:03:45 --> Table 'demo.enrolments' doesn't exist
in SYSTEMPATH/Database/BaseConnection.php on line 645.
 1 SYSTEMPATH/Database/BaseBuilder.php(1616): CodeIgniter\Database\BaseConnection->query()
 2 APPPATH/Models/User_model.php(139): CodeIgniter\Database\BaseBuilder->get()
 3 APPPATH/Controllers/Course.php(143): App\Models\User_model->getAllEmailsForCourse()
 4 APPPATH/Controllers/Course.php(119): App\Controllers\Course->notify_users_of_new_post()
 5 SYSTEMPATH/CodeIgniter.php(934): App\Controllers\Course->processCreatePostForm()
 6 SYSTEMPATH/CodeIgniter.php(499): CodeIgniter\CodeIgniter->runController()
 7 SYSTEMPATH/CodeIgniter.php(368): CodeIgniter\CodeIgniter->handleRequest()
 8 FCPATH/index.php(67): CodeIgniter\CodeIgniter->run()
ERROR - 2023-05-18 11:08:12 --> mysqli_sql_exception: Table 'demo.enrolments' doesn't exist in /var/www/htdocs/demo/system/Database/MySQLi/Connection.php:295
Stack trace:
#0 /var/www/htdocs/demo/system/Database/MySQLi/Connection.php(295): mysqli->query()
#1 /var/www/htdocs/demo/system/Database/BaseConnection.php(691): CodeIgniter\Database\MySQLi\Connection->execute()
#2 /var/www/htdocs/demo/system/Database/BaseConnection.php(605): CodeIgniter\Database\BaseConnection->simpleQuery()
#3 /var/www/htdocs/demo/system/Database/BaseBuilder.php(1616): CodeIgniter\Database\BaseConnection->query()
#4 /var/www/htdocs/demo/app/Models/User_model.php(139): CodeIgniter\Database\BaseBuilder->get()
#5 /var/www/htdocs/demo/app/Controllers/Course.php(143): App\Models\User_model->getAllEmailsForCourse()
#6 /var/www/htdocs/demo/app/Controllers/Course.php(119): App\Controllers\Course->notify_users_of_new_post()
#7 /var/www/htdocs/demo/system/CodeIgniter.php(934): App\Controllers\Course->processCreatePostForm()
#8 /var/www/htdocs/demo/system/CodeIgniter.php(499): CodeIgniter\CodeIgniter->runController()
#9 /var/www/htdocs/demo/system/CodeIgniter.php(368): CodeIgniter\CodeIgniter->handleRequest()
#10 /var/www/htdocs/demo/public/index.php(67): CodeIgniter\CodeIgniter->run()
#11 {main}
CRITICAL - 2023-05-18 11:08:12 --> Table 'demo.enrolments' doesn't exist
in SYSTEMPATH/Database/BaseConnection.php on line 645.
 1 SYSTEMPATH/Database/BaseBuilder.php(1616): CodeIgniter\Database\BaseConnection->query()
 2 APPPATH/Models/User_model.php(139): CodeIgniter\Database\BaseBuilder->get()
 3 APPPATH/Controllers/Course.php(143): App\Models\User_model->getAllEmailsForCourse()
 4 APPPATH/Controllers/Course.php(119): App\Controllers\Course->notify_users_of_new_post()
 5 SYSTEMPATH/CodeIgniter.php(934): App\Controllers\Course->processCreatePostForm()
 6 SYSTEMPATH/CodeIgniter.php(499): CodeIgniter\CodeIgniter->runController()
 7 SYSTEMPATH/CodeIgniter.php(368): CodeIgniter\CodeIgniter->handleRequest()
 8 FCPATH/index.php(67): CodeIgniter\CodeIgniter->run()
ERROR - 2023-05-18 11:10:25 --> mysqli_sql_exception: Table 'demo.enrolments' doesn't exist in /var/www/htdocs/demo/system/Database/MySQLi/Connection.php:295
Stack trace:
#0 /var/www/htdocs/demo/system/Database/MySQLi/Connection.php(295): mysqli->query()
#1 /var/www/htdocs/demo/system/Database/BaseConnection.php(691): CodeIgniter\Database\MySQLi\Connection->execute()
#2 /var/www/htdocs/demo/system/Database/BaseConnection.php(605): CodeIgniter\Database\BaseConnection->simpleQuery()
#3 /var/www/htdocs/demo/system/Database/BaseBuilder.php(1616): CodeIgniter\Database\BaseConnection->query()
#4 /var/www/htdocs/demo/app/Models/User_model.php(139): CodeIgniter\Database\BaseBuilder->get()
#5 /var/www/htdocs/demo/app/Controllers/Course.php(142): App\Models\User_model->getAllEmailsForCourse()
#6 /var/www/htdocs/demo/app/Controllers/Course.php(119): App\Controllers\Course->notify_users_of_new_post()
#7 /var/www/htdocs/demo/system/CodeIgniter.php(934): App\Controllers\Course->processCreatePostForm()
#8 /var/www/htdocs/demo/system/CodeIgniter.php(499): CodeIgniter\CodeIgniter->runController()
#9 /var/www/htdocs/demo/system/CodeIgniter.php(368): CodeIgniter\CodeIgniter->handleRequest()
#10 /var/www/htdocs/demo/public/index.php(67): CodeIgniter\CodeIgniter->run()
#11 {main}
CRITICAL - 2023-05-18 11:10:25 --> Table 'demo.enrolments' doesn't exist
in SYSTEMPATH/Database/BaseConnection.php on line 645.
 1 SYSTEMPATH/Database/BaseBuilder.php(1616): CodeIgniter\Database\BaseConnection->query()
 2 APPPATH/Models/User_model.php(139): CodeIgniter\Database\BaseBuilder->get()
 3 APPPATH/Controllers/Course.php(142): App\Models\User_model->getAllEmailsForCourse()
 4 APPPATH/Controllers/Course.php(119): App\Controllers\Course->notify_users_of_new_post()
 5 SYSTEMPATH/CodeIgniter.php(934): App\Controllers\Course->processCreatePostForm()
 6 SYSTEMPATH/CodeIgniter.php(499): CodeIgniter\CodeIgniter->runController()
 7 SYSTEMPATH/CodeIgniter.php(368): CodeIgniter\CodeIgniter->handleRequest()
 8 FCPATH/index.php(67): CodeIgniter\CodeIgniter->run()
ERROR - 2023-05-18 11:16:50 --> mysqli_sql_exception: Table 'demo.enrolments' doesn't exist in /var/www/htdocs/demo/system/Database/MySQLi/Connection.php:295
Stack trace:
#0 /var/www/htdocs/demo/system/Database/MySQLi/Connection.php(295): mysqli->query()
#1 /var/www/htdocs/demo/system/Database/BaseConnection.php(691): CodeIgniter\Database\MySQLi\Connection->execute()
#2 /var/www/htdocs/demo/system/Database/BaseConnection.php(605): CodeIgniter\Database\BaseConnection->simpleQuery()
#3 /var/www/htdocs/demo/system/Database/BaseBuilder.php(1616): CodeIgniter\Database\BaseConnection->query()
#4 /var/www/htdocs/demo/app/Models/User_model.php(139): CodeIgniter\Database\BaseBuilder->get()
#5 /var/www/htdocs/demo/app/Controllers/Course.php(142): App\Models\User_model->getAllEmailsForCourse()
#6 /var/www/htdocs/demo/app/Controllers/Course.php(119): App\Controllers\Course->notify_users_of_new_post()
#7 /var/www/htdocs/demo/system/CodeIgniter.php(934): App\Controllers\Course->processCreatePostForm()
#8 /var/www/htdocs/demo/system/CodeIgniter.php(499): CodeIgniter\CodeIgniter->runController()
#9 /var/www/htdocs/demo/system/CodeIgniter.php(368): CodeIgniter\CodeIgniter->handleRequest()
#10 /var/www/htdocs/demo/public/index.php(67): CodeIgniter\CodeIgniter->run()
#11 {main}
CRITICAL - 2023-05-18 11:16:50 --> Table 'demo.enrolments' doesn't exist
in SYSTEMPATH/Database/BaseConnection.php on line 645.
 1 SYSTEMPATH/Database/BaseBuilder.php(1616): CodeIgniter\Database\BaseConnection->query()
 2 APPPATH/Models/User_model.php(139): CodeIgniter\Database\BaseBuilder->get()
 3 APPPATH/Controllers/Course.php(142): App\Models\User_model->getAllEmailsForCourse()
 4 APPPATH/Controllers/Course.php(119): App\Controllers\Course->notify_users_of_new_post()
 5 SYSTEMPATH/CodeIgniter.php(934): App\Controllers\Course->processCreatePostForm()
 6 SYSTEMPATH/CodeIgniter.php(499): CodeIgniter\CodeIgniter->runController()
 7 SYSTEMPATH/CodeIgniter.php(368): CodeIgniter\CodeIgniter->handleRequest()
 8 FCPATH/index.php(67): CodeIgniter\CodeIgniter->run()
ERROR - 2023-05-18 11:18:16 --> mysqli_sql_exception: Unknown column 'enrolments.courseID' in 'where clause' in /var/www/htdocs/demo/system/Database/MySQLi/Connection.php:295
Stack trace:
#0 /var/www/htdocs/demo/system/Database/MySQLi/Connection.php(295): mysqli->query()
#1 /var/www/htdocs/demo/system/Database/BaseConnection.php(691): CodeIgniter\Database\MySQLi\Connection->execute()
#2 /var/www/htdocs/demo/system/Database/BaseConnection.php(605): CodeIgniter\Database\BaseConnection->simpleQuery()
#3 /var/www/htdocs/demo/system/Database/BaseBuilder.php(1616): CodeIgniter\Database\BaseConnection->query()
#4 /var/www/htdocs/demo/app/Models/User_model.php(139): CodeIgniter\Database\BaseBuilder->get()
#5 /var/www/htdocs/demo/app/Controllers/Course.php(142): App\Models\User_model->getAllEmailsForCourse()
#6 /var/www/htdocs/demo/app/Controllers/Course.php(119): App\Controllers\Course->notify_users_of_new_post()
#7 /var/www/htdocs/demo/system/CodeIgniter.php(934): App\Controllers\Course->processCreatePostForm()
#8 /var/www/htdocs/demo/system/CodeIgniter.php(499): CodeIgniter\CodeIgniter->runController()
#9 /var/www/htdocs/demo/system/CodeIgniter.php(368): CodeIgniter\CodeIgniter->handleRequest()
#10 /var/www/htdocs/demo/public/index.php(67): CodeIgniter\CodeIgniter->run()
#11 {main}
CRITICAL - 2023-05-18 11:18:16 --> Unknown column 'enrolments.courseID' in 'where clause'
in SYSTEMPATH/Database/BaseConnection.php on line 645.
 1 SYSTEMPATH/Database/BaseBuilder.php(1616): CodeIgniter\Database\BaseConnection->query()
 2 APPPATH/Models/User_model.php(139): CodeIgniter\Database\BaseBuilder->get()
 3 APPPATH/Controllers/Course.php(142): App\Models\User_model->getAllEmailsForCourse()
 4 APPPATH/Controllers/Course.php(119): App\Controllers\Course->notify_users_of_new_post()
 5 SYSTEMPATH/CodeIgniter.php(934): App\Controllers\Course->processCreatePostForm()
 6 SYSTEMPATH/CodeIgniter.php(499): CodeIgniter\CodeIgniter->runController()
 7 SYSTEMPATH/CodeIgniter.php(368): CodeIgniter\CodeIgniter->handleRequest()
 8 FCPATH/index.php(67): CodeIgniter\CodeIgniter->run()
ERROR - 2023-05-18 11:26:09 --> echo INFS3202
CRITICAL - 2023-05-18 11:27:07 --> log_message(): Argument #3 ($context) must be of type array, string given, called in /var/www/htdocs/demo/app/Controllers/Course.php on line 124
in SYSTEMPATH/Common.php on line 801.
 1 APPPATH/Controllers/Course.php(124): log_message()
 2 APPPATH/Controllers/Course.php(119): App\Controllers\Course->notify_users_of_new_post()
 3 SYSTEMPATH/CodeIgniter.php(934): App\Controllers\Course->processCreatePostForm()
 4 SYSTEMPATH/CodeIgniter.php(499): CodeIgniter\CodeIgniter->runController()
 5 SYSTEMPATH/CodeIgniter.php(368): CodeIgniter\CodeIgniter->handleRequest()
 6 FCPATH/index.php(67): CodeIgniter\CodeIgniter->run()
CRITICAL - 2023-05-18 11:28:25 --> log_message(): Argument #3 ($context) must be of type array, string given, called in /var/www/htdocs/demo/app/Controllers/Course.php on line 124
in SYSTEMPATH/Common.php on line 801.
 1 APPPATH/Controllers/Course.php(124): log_message()
 2 APPPATH/Controllers/Course.php(119): App\Controllers\Course->notify_users_of_new_post()
 3 SYSTEMPATH/CodeIgniter.php(934): App\Controllers\Course->processCreatePostForm()
 4 SYSTEMPATH/CodeIgniter.php(499): CodeIgniter\CodeIgniter->runController()
 5 SYSTEMPATH/CodeIgniter.php(368): CodeIgniter\CodeIgniter->handleRequest()
 6 FCPATH/index.php(67): CodeIgniter\CodeIgniter->run()
ERROR - 2023-05-18 11:28:42 --> asdasd  asdasd
ERROR - 2023-05-18 11:30:40 --> meiwonggjti@gmail.com
ERROR - 2023-05-18 11:30:40 --> chethiche123@gmail.com
ERROR - 2023-05-18 11:30:40 --> meiwongjti@gmail.com
ERROR - 2023-05-18 11:30:40 --> samarsingh111444333@gmail.com
ERROR - 2023-05-18 11:36:39 --> meiwonggjti@gmail.comemail sent
ERROR - 2023-05-18 11:36:39 --> chethiche123@gmail.comemail not sent
ERROR - 2023-05-18 11:36:39 --> meiwongjti@gmail.comemail not sent
ERROR - 2023-05-18 11:36:39 --> samarsingh111444333@gmail.comemail not sent
ERROR - 2023-05-18 11:37:30 --> meiwonggjti@gmail.comemail sent
ERROR - 2023-05-18 11:37:40 --> chethiche123@gmail.comemail not sent
ERROR - 2023-05-18 11:37:50 --> meiwongjti@gmail.comemail not sent
ERROR - 2023-05-18 11:38:00 --> samarsingh111444333@gmail.comemail not sent
ERROR - 2023-05-18 11:39:45 --> meiwonggjti@gmail.comemail sent
ERROR - 2023-05-18 11:39:45 --> chethiche123@gmail.comemail not sent
ERROR - 2023-05-18 11:39:45 --> meiwongjti@gmail.comemail not sent
ERROR - 2023-05-18 11:39:45 --> samarsingh111444333@gmail.comemail not sent
ERROR - 2023-05-18 11:41:35 --> meiwonggjti@gmail.comemail sent
ERROR - 2023-05-18 11:41:35 --> chethiche123@gmail.comemail sent
ERROR - 2023-05-18 11:41:36 --> meiwongjti@gmail.comemail sent
ERROR - 2023-05-18 11:41:36 --> samarsingh111444333@gmail.comemail sent
ERROR - 2023-05-18 11:44:07 --> meiwonggjti@gmail.comemail sent
ERROR - 2023-05-18 11:44:07 --> chethiche123@gmail.comemail sent
ERROR - 2023-05-18 11:44:08 --> meiwongjti@gmail.comemail sent
ERROR - 2023-05-18 11:44:08 --> samarsingh111444333@gmail.comemail sent
ERROR - 2023-05-18 21:26:35 --> meiwonggjti@gmail.comemail sent
ERROR - 2023-05-18 21:26:35 --> chethiche123@gmail.comemail sent
ERROR - 2023-05-18 21:26:36 --> meiwongjti@gmail.comemail sent
ERROR - 2023-05-18 21:26:36 --> samarsingh111444333@gmail.comemail sent
ERROR - 2023-05-18 21:33:12 --> meiwonggjti@gmail.comemail sent
ERROR - 2023-05-18 21:33:12 --> chethiche123@gmail.comemail sent
ERROR - 2023-05-18 21:33:12 --> meiwongjti@gmail.comemail sent
ERROR - 2023-05-18 21:33:13 --> samarsingh111444333@gmail.comemail sent
ERROR - 2023-05-18 21:34:07 --> meiwonggjti@gmail.comemail sent
ERROR - 2023-05-18 21:34:08 --> chethiche123@gmail.comemail sent
ERROR - 2023-05-18 21:34:08 --> meiwongjti@gmail.comemail sent
ERROR - 2023-05-18 21:34:08 --> samarsingh111444333@gmail.comemail sent
CRITICAL - 2023-05-18 21:49:03 --> "callback_is_password_strong" is not a valid rule.
in SYSTEMPATH/Validation/Validation.php on line 320.
 1 SYSTEMPATH/Validation/Validation.php(320): CodeIgniter\Validation\Exceptions\ValidationException::forRuleNotFound()
 2 SYSTEMPATH/Validation/Validation.php(170): CodeIgniter\Validation\Validation->processRules()
 3 SYSTEMPATH/Controller.php(140): CodeIgniter\Validation\Validation->run()
 4 APPPATH/Controllers/Registration.php(42): CodeIgniter\Controller->validate()
 5 SYSTEMPATH/CodeIgniter.php(934): App\Controllers\Registration->register()
 6 SYSTEMPATH/CodeIgniter.php(499): CodeIgniter\CodeIgniter->runController()
 7 SYSTEMPATH/CodeIgniter.php(368): CodeIgniter\CodeIgniter->handleRequest()
 8 FCPATH/index.php(67): CodeIgniter\CodeIgniter->run()
CRITICAL - 2023-05-18 21:49:14 --> "$this->callback_is_password_strong" is not a valid rule.
in SYSTEMPATH/Validation/Validation.php on line 320.
 1 SYSTEMPATH/Validation/Validation.php(320): CodeIgniter\Validation\Exceptions\ValidationException::forRuleNotFound()
 2 SYSTEMPATH/Validation/Validation.php(170): CodeIgniter\Validation\Validation->processRules()
 3 SYSTEMPATH/Controller.php(140): CodeIgniter\Validation\Validation->run()
 4 APPPATH/Controllers/Registration.php(42): CodeIgniter\Controller->validate()
 5 SYSTEMPATH/CodeIgniter.php(934): App\Controllers\Registration->register()
 6 SYSTEMPATH/CodeIgniter.php(499): CodeIgniter\CodeIgniter->runController()
 7 SYSTEMPATH/CodeIgniter.php(368): CodeIgniter\CodeIgniter->handleRequest()
 8 FCPATH/index.php(67): CodeIgniter\CodeIgniter->run()
CRITICAL - 2023-05-18 21:49:46 --> "is_password_strong" is not a valid rule.
in SYSTEMPATH/Validation/Validation.php on line 320.
 1 SYSTEMPATH/Validation/Validation.php(320): CodeIgniter\Validation\Exceptions\ValidationException::forRuleNotFound()
 2 SYSTEMPATH/Validation/Validation.php(170): CodeIgniter\Validation\Validation->processRules()
 3 SYSTEMPATH/Controller.php(140): CodeIgniter\Validation\Validation->run()
 4 APPPATH/Controllers/Registration.php(42): CodeIgniter\Controller->validate()
 5 SYSTEMPATH/CodeIgniter.php(934): App\Controllers\Registration->register()
 6 SYSTEMPATH/CodeIgniter.php(499): CodeIgniter\CodeIgniter->runController()
 7 SYSTEMPATH/CodeIgniter.php(368): CodeIgniter\CodeIgniter->handleRequest()
 8 FCPATH/index.php(67): CodeIgniter\CodeIgniter->run()
CRITICAL - 2023-05-18 21:52:24 --> "callback_is_password_strong" is not a valid rule.
in SYSTEMPATH/Validation/Validation.php on line 320.
 1 SYSTEMPATH/Validation/Validation.php(320): CodeIgniter\Validation\Exceptions\ValidationException::forRuleNotFound()
 2 SYSTEMPATH/Validation/Validation.php(170): CodeIgniter\Validation\Validation->processRules()
 3 SYSTEMPATH/Controller.php(140): CodeIgniter\Validation\Validation->run()
 4 APPPATH/Controllers/Registration.php(42): CodeIgniter\Controller->validate()
 5 SYSTEMPATH/CodeIgniter.php(934): App\Controllers\Registration->register()
 6 SYSTEMPATH/CodeIgniter.php(499): CodeIgniter\CodeIgniter->runController()
 7 SYSTEMPATH/CodeIgniter.php(368): CodeIgniter\CodeIgniter->handleRequest()
 8 FCPATH/index.php(67): CodeIgniter\CodeIgniter->run()
CRITICAL - 2023-05-18 21:58:53 --> "callback_is_password_strong" is not a valid rule.
in SYSTEMPATH/Validation/Validation.php on line 320.
 1 SYSTEMPATH/Validation/Validation.php(320): CodeIgniter\Validation\Exceptions\ValidationException::forRuleNotFound()
 2 SYSTEMPATH/Validation/Validation.php(170): CodeIgniter\Validation\Validation->processRules()
 3 SYSTEMPATH/Controller.php(140): CodeIgniter\Validation\Validation->run()
 4 APPPATH/Controllers/Registration.php(42): CodeIgniter\Controller->validate()
 5 SYSTEMPATH/CodeIgniter.php(934): App\Controllers\Registration->register()
 6 SYSTEMPATH/CodeIgniter.php(499): CodeIgniter\CodeIgniter->runController()
 7 SYSTEMPATH/CodeIgniter.php(368): CodeIgniter\CodeIgniter->handleRequest()
 8 FCPATH/index.php(67): CodeIgniter\CodeIgniter->run()
CRITICAL - 2023-05-18 21:58:54 --> "callback_is_password_strong" is not a valid rule.
in SYSTEMPATH/Validation/Validation.php on line 320.
 1 SYSTEMPATH/Validation/Validation.php(320): CodeIgniter\Validation\Exceptions\ValidationException::forRuleNotFound()
 2 SYSTEMPATH/Validation/Validation.php(170): CodeIgniter\Validation\Validation->processRules()
 3 SYSTEMPATH/Controller.php(140): CodeIgniter\Validation\Validation->run()
 4 APPPATH/Controllers/Registration.php(42): CodeIgniter\Controller->validate()
 5 SYSTEMPATH/CodeIgniter.php(934): App\Controllers\Registration->register()
 6 SYSTEMPATH/CodeIgniter.php(499): CodeIgniter\CodeIgniter->runController()
 7 SYSTEMPATH/CodeIgniter.php(368): CodeIgniter\CodeIgniter->handleRequest()
 8 FCPATH/index.php(67): CodeIgniter\CodeIgniter->run()
ERROR - 2023-05-18 23:53:41 --> meiwonggjti@gmail.comemail sent
ERROR - 2023-05-18 23:53:41 --> meiwongjti@gmail.comemail sent
